<?xml version="1.0" encoding="UTF-8"?>
<!-- Generated by org.testng.reporters.JUnitReportReporter -->
<testsuite hostname="DESKTOP-26C0NPL" failures="0" tests="2" name="com.ninza.hrm.api.projectandemployeeTest.EmployeeNewTest" time="5.583" errors="0" timestamp="2025-02-28T12:23:37 IST" skipped="0">
  <testcase classname="com.ninza.hrm.api.projectandemployeeTest.EmployeeNewTest" name="addEmployeeToProject" time="5.140"/>
  <testcase classname="com.ninza.hrm.api.projectandemployeeTest.EmployeeNewTest" name="addEmployeeWithoutEmailTest" time="0.443"/>
</testsuite> <!-- com.ninza.hrm.api.projectandemployeeTest.EmployeeNewTest -->
