<?xml version="1.0" encoding="UTF-8"?>
<!-- Generated by org.testng.reporters.JUnitReportReporter -->
<testsuite hostname="DESKTOP-26C0NPL" failures="0" tests="1" name="com.ninza.hrm.api.PnEfinalTest.EmployeeNewTest" time="3.469" errors="0" timestamp="2025-02-28T13:20:29 IST" skipped="0">
  <testcase classname="com.ninza.hrm.api.PnEfinalTest.EmployeeNewTest" name="addEmployeeWithoutEmailTest" time="3.469"/>
  <system-out/>
</testsuite> <!-- com.ninza.hrm.api.PnEfinalTest.EmployeeNewTest -->
