<?xml version="1.0" encoding="UTF-8"?>
<!-- Generated by org.testng.reporters.JUnitReportReporter -->
<testsuite hostname="DESKTOP-26C0NPL" failures="0" tests="2" name="com.ninza.hrm.api.PnEfinalTest.ProjectFinalTest" time="2.344" errors="0" timestamp="2025-02-28T17:25:01 IST" skipped="0">
  <testcase classname="com.ninza.hrm.api.PnEfinalTest.ProjectFinalTest" name="addSingleProjectWithCreated" time="2.143"/>
  <system-out/>
  <testcase classname="com.ninza.hrm.api.PnEfinalTest.ProjectFinalTest" name="createDuplicateProjectWithCreatedTest" time="0.201"/>
  <system-out/>
</testsuite> <!-- com.ninza.hrm.api.PnEfinalTest.ProjectFinalTest -->
