<?xml version="1.0" encoding="UTF-8"?>
<!-- Generated by org.testng.reporters.JUnitReportReporter -->
<testsuite hostname="DESKTOP-26C0NPL" failures="0" tests="2" name="com.ninza.hrm.api.PnEfinalTest.EmployeeFinalTest" time="3.770" errors="0" timestamp="2025-02-28T17:25:01 IST" skipped="0">
  <testcase classname="com.ninza.hrm.api.PnEfinalTest.EmployeeFinalTest" name="addEmployeeToProject" time="3.380"/>
  <system-out/>
  <testcase classname="com.ninza.hrm.api.PnEfinalTest.EmployeeFinalTest" name="addEmployeeWithoutEmailTest" time="0.390"/>
  <system-out/>
</testsuite> <!-- com.ninza.hrm.api.PnEfinalTest.EmployeeFinalTest -->
