<?xml version="1.0" encoding="UTF-8"?>
<!-- Generated by org.testng.reporters.JUnitReportReporter -->
<testsuite hostname="DESKTOP-26C0NPL" failures="0" tests="2" name="com.ninza.hrm.api.projectandemployeeTest.ProjectNewTest" time="6.287" errors="0" timestamp="2025-02-28T12:23:12 IST" skipped="0">
  <testcase classname="com.ninza.hrm.api.projectandemployeeTest.ProjectNewTest" name="addSingleProjectWithCreated" time="6.052"/>
  <testcase classname="com.ninza.hrm.api.projectandemployeeTest.ProjectNewTest" name="createDuplicateProjectWithCreatedTest" time="0.235"/>
</testsuite> <!-- com.ninza.hrm.api.projectandemployeeTest.ProjectNewTest -->
