<?xml version="1.0" encoding="UTF-8"?>
<!-- Generated by org.testng.reporters.JUnitReportReporter -->
<testsuite hostname="DESKTOP-26C0NPL" failures="0" tests="1" name="com.ninza.hrm.api.projecttest.ProjectTest" time="5.486" errors="0" timestamp="2025-02-28T11:02:19 IST" skipped="0">
  <testcase classname="com.ninza.hrm.api.projecttest.ProjectTest" name="addSingleProjectWithCreated" time="5.486"/>
</testsuite> <!-- com.ninza.hrm.api.projecttest.ProjectTest -->
