<?xml version="1.0" encoding="UTF-8"?>
<!-- Generated by org.testng.reporters.JUnitReportReporter -->
<testsuite hostname="DESKTOP-26C0NPL" failures="0" tests="2" name="com.ninza.hrm.api.PnEfinalTest.ProjectNewTest" time="5.054" errors="0" timestamp="2025-02-28T13:10:17 IST" skipped="0">
  <testcase classname="com.ninza.hrm.api.PnEfinalTest.ProjectNewTest" name="addSingleProjectWithCreated" time="4.800"/>
  <system-out/>
  <testcase classname="com.ninza.hrm.api.PnEfinalTest.ProjectNewTest" name="createDuplicateProjectWithCreatedTest" time="0.254"/>
  <system-out/>
</testsuite> <!-- com.ninza.hrm.api.PnEfinalTest.ProjectNewTest -->
