<?xml version="1.0" encoding="UTF-8"?>
<!-- Generated by org.testng.reporters.JUnitReportReporter -->
<testsuite hostname="DESKTOP-26C0NPL" failures="0" tests="1" name="com.ninza.hrm.api.employeetest.EmployeeTest" time="4.912" errors="0" timestamp="2025-02-28T10:59:00 IST" skipped="0">
  <testcase classname="com.ninza.hrm.api.employeetest.EmployeeTest" name="addEmployeeToProject" time="4.912"/>
</testsuite> <!-- com.ninza.hrm.api.employeetest.EmployeeTest -->
