<?xml version="1.0" encoding="UTF-8"?>
<!-- Generated by org.testng.reporters.JUnitReportReporter -->
<testsuite hostname="DESKTOP-26C0NPL" failures="0" tests="1" name="com.ninza.hrm.api.projecttest.ProjectNewTest" time="5.424" errors="0" timestamp="2025-02-28T11:02:33 IST" skipped="0">
  <testcase classname="com.ninza.hrm.api.projecttest.ProjectNewTest" name="addSingleProjectWithCreated" time="5.424"/>
</testsuite> <!-- com.ninza.hrm.api.projecttest.ProjectNewTest -->
